# JRE version: Java(TM) SE Runtime Environment (8.0_66-b17) (build 1.8.0_66-b17)
# Java VM: Java HotSpot(TM) Server VM (25.66-b17 mixed mode linux-x86 )
Heap:
 PSYoungGen      total 301312K, used 183788K [0x932c0000, 0xa67c0000, 0xa7000000)
  eden space 293632K, 60% used [0x932c0000,0x9deec3c8,0xa5180000)
  from space 7680K, 97% used [0xa5fc0000,0xa670ed98,0xa6740000)
  to   space 512K, 0% used [0xa6740000,0xa6740000,0xa67c0000)
 ParOldGen       total 40960K, used 30327K [0x6b800000, 0x6e000000, 0x932c0000)
  object space 40960K, 74% used [0x6b800000,0x6d59dd58,0x6e000000)
 Metaspace       used 2423K, capacity 2472K, committed 2584K, reserved 4400K
GC Heap History (10 events):
Event: 16.172 GC heap before
{Heap before GC invocations=9 (full 0):
 PSYoungGen      total 130560K, used 127368K [0x932c0000, 0x9bac0000, 0xa7000000)
  eden space 122880K, 100% used [0x932c0000,0x9aac0000,0x9aac0000)
  from space 7680K, 58% used [0x9b340000,0x9b7a2010,0x9bac0000)
  to   space 8192K, 0% used [0x9aac0000,0x9aac0000,0x9b2c0000)
 ParOldGen       total 40960K, used 14115K [0x6b800000, 0x6e000000, 0x932c0000)
  object space 40960K, 34% used [0x6b800000,0x6c5c8ff8,0x6e000000)
 Metaspace       used 2423K, capacity 2472K, committed 2584K, reserved 4400K
Event: 16.185 GC heap after
Heap after GC invocations=9 (full 0):
 PSYoungGen      total 131072K, used 5960K [0x932c0000, 0xa0340000, 0xa7000000)
  eden space 122880K, 0% used [0x932c0000,0x932c0000,0x9aac0000)
  from space 8192K, 72% used [0x9aac0000,0x9b092010,0x9b2c0000)
  to   space 8448K, 0% used [0x9fb00000,0x9fb00000,0xa0340000)
 ParOldGen       total 40960K, used 15451K [0x6b800000, 0x6e000000, 0x932c0000)
  object space 40960K, 37% used [0x6b800000,0x6c716ff8,0x6e000000)
 Metaspace       used 2423K, capacity 2472K, committed 2584K, reserved 4400K
}
Event: 20.016 GC heap before
{Heap before GC invocations=10 (full 0):
 PSYoungGen      total 131072K, used 128840K [0x932c0000, 0xa0340000, 0xa7000000)
  eden space 122880K, 100% used [0x932c0000,0x9aac0000,0x9aac0000)
  from space 8192K, 72% used [0x9aac0000,0x9b092010,0x9b2c0000)
  to   space 8448K, 0% used [0x9fb00000,0x9fb00000,0xa0340000)
 ParOldGen       total 40960K, used 15451K [0x6b800000, 0x6e000000, 0x932c0000)
  object space 40960K, 37% used [0x6b800000,0x6c716ff8,0x6e000000)
 Metaspace       used 2423K, capacity 2472K, committed 2584K, reserved 4400K
Event: 20.035 GC heap after
Heap after GC invocations=10 (full 0):
 PSYoungGen      total 205056K, used 5929K [0x932c0000, 0xa0340000, 0xa7000000)
  eden space 196608K, 0% used [0x932c0000,0x932c0000,0x9f2c0000)
  from space 8448K, 70% used [0x9fb00000,0xa00ca4b0,0xa0340000)
  to   space 8448K, 0% used [0x9f2c0000,0x9f2c0000,0x9fb00000)
 ParOldGen       total 40960K, used 18035K [0x6b800000, 0x6e000000, 0x932c0000)
  object space 40960K, 44% used [0x6b800000,0x6c99cff8,0x6e000000)
 Metaspace       used 2423K, capacity 2472K, committed 2584K, reserved 4400K
}
Event: 28.804 GC heap before
{Heap before GC invocations=11 (full 0):
 PSYoungGen      total 205056K, used 202537K [0x932c0000, 0xa0340000, 0xa7000000)
  eden space 196608K, 100% used [0x932c0000,0x9f2c0000,0x9f2c0000)
  from space 8448K, 70% used [0x9fb00000,0xa00ca4b0,0xa0340000)
  to   space 8448K, 0% used [0x9f2c0000,0x9f2c0000,0x9fb00000)
 ParOldGen       total 40960K, used 18035K [0x6b800000, 0x6e000000, 0x932c0000)
  object space 40960K, 44% used [0x6b800000,0x6c99cff8,0x6e000000)
 Metaspace       used 2423K, capacity 2472K, committed 2584K, reserved 4400K
Event: 28.827 GC heap after
Heap after GC invocations=11 (full 0):
 PSYoungGen      total 205056K, used 4830K [0x932c0000, 0xa6f80000, 0xa7000000)
  eden space 196608K, 0% used [0x932c0000,0x932c0000,0x9f2c0000)
  from space 8448K, 57% used [0x9f2c0000,0x9f777b90,0x9fb00000)
  to   space 8192K, 0% used [0xa6780000,0xa6780000,0xa6f80000)
 ParOldGen       total 40960K, used 22867K [0x6b800000, 0x6e000000, 0x932c0000)
  object space 40960K, 55% used [0x6b800000,0x6ce54c08,0x6e000000)
 Metaspace       used 2423K, capacity 2472K, committed 2584K, reserved 4400K
}
Event: 37.772 GC heap before
{Heap before GC invocations=12 (full 0):
 PSYoungGen      total 205056K, used 201438K [0x932c0000, 0xa6f80000, 0xa7000000)
  eden space 196608K, 100% used [0x932c0000,0x9f2c0000,0x9f2c0000)
  from space 8448K, 57% used [0x9f2c0000,0x9f777b90,0x9fb00000)
  to   space 8192K, 0% used [0xa6780000,0xa6780000,0xa6f80000)
 ParOldGen       total 40960K, used 22867K [0x6b800000, 0x6e000000, 0x932c0000)
  object space 40960K, 55% used [0x6b800000,0x6ce54c08,0x6e000000)
 Metaspace       used 2423K, capacity 2472K, committed 2584K, reserved 4400K
Event: 37.796 GC heap after
Heap after GC invocations=12 (full 0):
 PSYoungGen      total 316160K, used 4924K [0x932c0000, 0xa6f40000, 0xa7000000)
  eden space 308224K, 0% used [0x932c0000,0x932c0000,0xa5fc0000)
  from space 7936K, 62% used [0xa6780000,0xa6c4f340,0xa6f40000)
  to   space 7936K, 0% used [0xa5fc0000,0xa5fc0000,0xa6780000)
 ParOldGen       total 40960K, used 26664K [0x6b800000, 0x6e000000, 0x932c0000)
  object space 40960K, 65% used [0x6b800000,0x6d20a218,0x6e000000)
 Metaspace       used 2423K, capacity 2472K, committed 2584K, reserved 4400K
}
Event: 53.783 GC heap before
{Heap before GC invocations=13 (full 0):
 PSYoungGen      total 316160K, used 313148K [0x932c0000, 0xa6f40000, 0xa7000000)
  eden space 308224K, 100% used [0x932c0000,0xa5fc0000,0xa5fc0000)
  from space 7936K, 62% used [0xa6780000,0xa6c4f340,0xa6f40000)
  to   space 7936K, 0% used [0xa5fc0000,0xa5fc0000,0xa6780000)
 ParOldGen       total 40960K, used 26664K [0x6b800000, 0x6e000000, 0x932c0000)
  object space 40960K, 65% used [0x6b800000,0x6d20a218,0x6e000000)
 Metaspace       used 2423K, capacity 2472K, committed 2584K, reserved 4400K
Event: 53.813 GC heap after
Heap after GC invocations=13 (full 0):
 PSYoungGen      total 301312K, used 7483K [0x932c0000, 0xa67c0000, 0xa7000000)
  eden space 293632K, 0% used [0x932c0000,0x932c0000,0xa5180000)
  from space 7680K, 97% used [0xa5fc0000,0xa670ed98,0xa6740000)
  to   space 512K, 0% used [0xa6740000,0xa6740000,0xa67c0000)
 ParOldGen       total 40960K, used 30327K [0x6b800000, 0x6e000000, 0x932c0000)
  object space 40960K, 74% used [0x6b800000,0x6d59dd58,0x6e000000)
 Metaspace       used 2423K, capacity 2472K, committed 2584K, reserved 4400K
}

